  compilation object save succeeded; see L:\2022_06_15\DX_2D_YJY\Debug\TexturePixelShader.cso
  compilation object save succeeded; see L:\2022_06_15\DX_2D_YJY\Debug\TextureVertexShader.cso
FXC : warning X4717: Effects deprecated for D3DCompiler_47
  
  compilation object save succeeded; see L:\2022_06_15\DX_2D_YJY\Debug\TutorialShader.cso
  framework.cpp
L:\2022_06_15\DX_2D_YJY\DX_2D_YJY\framework.h(34,10): warning C4067: 전처리기 지시문 다음에 예기치 않은 토큰이 있습니다. 줄 바꿈 문자가 필요합니다.
  Adventure.cpp
L:\2022_06_15\DX_2D_YJY\DX_2D_YJY\Object\GameObject\Adventure.cpp(20,51): warning C4244: '-=': 'double'에서 'float'(으)로 변환하면서 데이터가 손실될 수 있습니다.
L:\2022_06_15\DX_2D_YJY\DX_2D_YJY\Object\GameObject\Adventure.cpp(25,51): warning C4244: '+=': 'double'에서 'float'(으)로 변환하면서 데이터가 손실될 수 있습니다.
  Bullet.cpp
L:\2022_06_15\DX_2D_YJY\DX_2D_YJY\Object\GameObject\Bullet.cpp(21,16): warning C4244: '+=': 'double'에서 'float'(으)로 변환하면서 데이터가 손실될 수 있습니다.
L:\2022_06_15\DX_2D_YJY\DX_2D_YJY\Object\GameObject\Bullet.cpp(32,61): warning C4244: '인수': 'double'에서 'const float'(으)로 변환하면서 데이터가 손실될 수 있습니다.
  Revolver.cpp
L:\2022_06_15\DX_2D_YJY\DX_2D_YJY\Object\GameObject\Revolver.cpp(54,50): warning C4244: '=': 'double'에서 'float'(으)로 변환하면서 데이터가 손실될 수 있습니다.
  DungreedScene.cpp
  BlendState.cpp
  Vector2.cpp
L:\2022_06_15\DX_2D_YJY\DX_2D_YJY\Framework\Math\Vector2.cpp(76,14): warning C4244: 'return': 'double'에서 'float'(으)로 변환하면서 데이터가 손실될 수 있습니다.
L:\2022_06_15\DX_2D_YJY\DX_2D_YJY\Framework\Math\Vector2.cpp(84,13): warning C4244: 'return': 'double'에서 'float'(으)로 변환하면서 데이터가 손실될 수 있습니다.
L:\2022_06_15\DX_2D_YJY\DX_2D_YJY\Framework\Math\Vector2.cpp(124,28): warning C4244: 'return': 'float'에서 'int'(으)로 변환하면서 데이터가 손실될 수 있습니다.
  ConstantBuffer.cpp
  Device.cpp
  DX_2D_YJY.cpp
  IndexBuffer.cpp
  PixelShader.cpp
  VertexBuffer.cpp
  VertexShader.cpp
  SamplerState.cpp
  SRV.cpp
  InputManger.cpp
  Texture.cpp
C:\Program Files (x86)\Microsoft Visual Studio\2019\Community\VC\Tools\MSVC\14.29.30133\include\memory(2747,1): warning C4316: 'std::_Ref_count_obj2<_Ty>': 힙에 할당된 개체가 16에 맞추어져 있지 않을 수도 있습니다
          with
          [
              _Ty=MatrixBuffer
          ]
L:\2022_06_15\DX_2D_YJY\DX_2D_YJY\Object\Texture.cpp(20): message : 컴파일되는 함수 템플릿 인스턴스화 'std::shared_ptr<MatrixBuffer> std::make_shared<MatrixBuffer,>(void)'에 대한 참조를 확인하세요.
C:\Program Files (x86)\Microsoft Visual Studio\2019\Community\VC\Tools\MSVC\14.29.30133\include\memory(2747,1): warning C4316: 'std::_Ref_count_obj2<_Ty>': 힙에 할당된 개체가 16에 맞추어져 있지 않을 수도 있습니다
          with
          [
              _Ty=Transform
          ]
L:\2022_06_15\DX_2D_YJY\DX_2D_YJY\Object\Texture.cpp(22): message : 컴파일되는 함수 템플릿 인스턴스화 'std::shared_ptr<Transform> std::make_shared<Transform,>(void)'에 대한 참조를 확인하세요.
  Program.cpp
C:\Program Files (x86)\Microsoft Visual Studio\2019\Community\VC\Tools\MSVC\14.29.30133\include\memory(2747,1): warning C4316: 'std::_Ref_count_obj2<_Ty>': 힙에 할당된 개체가 16에 맞추어져 있지 않을 수도 있습니다
          with
          [
              _Ty=MatrixBuffer
          ]
L:\2022_06_15\DX_2D_YJY\DX_2D_YJY\Program\Program.cpp(11): message : 컴파일되는 함수 템플릿 인스턴스화 'std::shared_ptr<MatrixBuffer> std::make_shared<MatrixBuffer,>(void)'에 대한 참조를 확인하세요.
  RasterizerState.cpp
  Scene.cpp
  코드를 생성하고 있습니다...
L:\2022_06_15\DX_2D_YJY\DX_2D_YJY\Framework\Math\Vector2.cpp(59): warning C4715: 'Vector2::operator<': 모든 제어 경로에서 값을 반환하지는 않습니다.
  컴파일하고 있습니다...
  TextureScene.cpp
  TextureWVPScene.cpp
C:\Program Files (x86)\Microsoft Visual Studio\2019\Community\VC\Tools\MSVC\14.29.30133\include\memory(2747,1): warning C4316: 'std::_Ref_count_obj2<_Ty>': 힙에 할당된 개체가 16에 맞추어져 있지 않을 수도 있습니다
          with
          [
              _Ty=MatrixBuffer
          ]
L:\2022_06_15\DX_2D_YJY\DX_2D_YJY\Scene\TextureWVPScene.cpp(7): message : 컴파일되는 함수 템플릿 인스턴스화 'std::shared_ptr<MatrixBuffer> std::make_shared<MatrixBuffer,>(void)'에 대한 참조를 확인하세요.
  SolarSystemScene.cpp
L:\2022_06_15\DX_2D_YJY\DX_2D_YJY\Scene\SolarSystemScene.cpp(37,44): warning C4244: '+=': 'double'에서 'float'(으)로 변환하면서 데이터가 손실될 수 있습니다.
L:\2022_06_15\DX_2D_YJY\DX_2D_YJY\Scene\SolarSystemScene.cpp(38,46): warning C4244: '+=': 'double'에서 'float'(으)로 변환하면서 데이터가 손실될 수 있습니다.
L:\2022_06_15\DX_2D_YJY\DX_2D_YJY\Scene\SolarSystemScene.cpp(39,45): warning C4244: '+=': 'double'에서 'float'(으)로 변환하면서 데이터가 손실될 수 있습니다.
  Time.cpp
  StateManager.cpp
  Transform.cpp
C:\Program Files (x86)\Microsoft Visual Studio\2019\Community\VC\Tools\MSVC\14.29.30133\include\memory(2747,1): warning C4316: 'std::_Ref_count_obj2<_Ty>': 힙에 할당된 개체가 16에 맞추어져 있지 않을 수도 있습니다
          with
          [
              _Ty=MatrixBuffer
          ]
L:\2022_06_15\DX_2D_YJY\DX_2D_YJY\Framework\Component\Transform.cpp(6): message : 컴파일되는 함수 템플릿 인스턴스화 'std::shared_ptr<MatrixBuffer> std::make_shared<MatrixBuffer,>(void)'에 대한 참조를 확인하세요.
  코드를 생성하고 있습니다...
  DX_2D_YJY.vcxproj -> L:\2022_06_15\DX_2D_YJY\Debug\DX_2D_YJY.exe
